<?xml version="1.0" encoding="UTF-8"?>
<!-- Generated by org.testng.reporters.JUnitReportReporter -->
<testsuite hostname="QB-IPL-2945" failures="0" tests="2" name="com.qa.tests.LoginTests" time="23.994" errors="0" timestamp="2024-10-07T10:36:54 IST" skipped="0">
  <testcase classname="com.qa.tests.LoginTests" name="validLogin" time="11.970"/>
  <testcase classname="com.qa.tests.LoginTests" name="invalidUserName" time="12.024"/>
</testsuite> <!-- com.qa.tests.LoginTests -->
