<?xml version="1.0" encoding="UTF-8"?>
<!-- Generated by org.testng.reporters.JUnitReportReporter -->
<testsuite hostname="QB-IPL-2945" failures="0" tests="2" name="com.qa.tests.LoginTests" time="24.493" errors="0" timestamp="2024-09-25T23:55:55 IST" skipped="0">
  <testcase classname="com.qa.tests.LoginTests" name="invalidUserName" time="11.851"/>
  <testcase classname="com.qa.tests.LoginTests" name="validLogin" time="12.642"/>
</testsuite> <!-- com.qa.tests.LoginTests -->
